#-----------------------------------------------------------
# Vivado v2018.2 (64-bit)
# SW Build 2258646 on Thu Jun 14 20:03:12 MDT 2018
# IP Build 2256618 on Thu Jun 14 22:10:49 MDT 2018
# Start of session at: Sat Oct  6 11:41:36 2018
# Process ID: 8832
# Current directory: C:/Xilinx/Projects/pong_vga
# Command line: vivado.exe -gui_launcher_event rodinguilauncherevent15180 C:\Xilinx\Projects\pong_vga\pong_vga.xpr
# Log file: C:/Xilinx/Projects/pong_vga/vivado.log
# Journal file: C:/Xilinx/Projects/pong_vga\vivado.jou
#-----------------------------------------------------------
Sourcing tcl script 'C:/Users/yujiehzou/AppData/Roaming/Xilinx/Vivado/Vivado_init.tcl'
start_gui
open_project C:/Xilinx/Projects/pong_vga/pong_vga.xpr
Scanning sources...
Finished scanning sources
INFO: [IP_Flow 19-234] Refreshing IP repositories
INFO: [IP_Flow 19-1704] No user IP repositories specified
INFO: [IP_Flow 19-2313] Loaded Vivado IP repository 'C:/Xilinx/Vivado/2018.2/data/ip'.
open_project: Time (s): cpu = 00:00:14 ; elapsed = 00:00:09 . Memory (MB): peak = 863.949 ; gain = 165.699
update_compile_order -fileset sources_1
