
*** Running vivado
    with args -log pong_bd_wrapper.vdi -applog -m64 -product Vivado -messageDb vivado.pb -mode batch -source pong_bd_wrapper.tcl -notrace


****** Vivado v2018.2 (64-bit)
  **** SW Build 2258646 on Thu Jun 14 20:03:12 MDT 2018
  **** IP Build 2256618 on Thu Jun 14 22:10:49 MDT 2018
    ** Copyright 1986-2018 Xilinx, Inc. All Rights Reserved.

Sourcing tcl script 'C:/Users/yujiehzou/AppData/Roaming/Xilinx/Vivado/Vivado_init.tcl'
source pong_bd_wrapper.tcl -notrace
INFO: [IP_Flow 19-234] Refreshing IP repositories
INFO: [IP_Flow 19-1704] No user IP repositories specified
INFO: [IP_Flow 19-2313] Loaded Vivado IP repository 'C:/Xilinx/Vivado/2018.2/data/ip'.
add_files: Time (s): cpu = 00:00:05 ; elapsed = 00:00:10 . Memory (MB): peak = 309.223 ; gain = 49.074
Command: link_design -top pong_bd_wrapper -part xc7z010clg400-1
Design is defaulting to srcset: sources_1
Design is defaulting to constrset: constrs_1
INFO: [Netlist 29-17] Analyzing 827 Unisim elements for replacement
INFO: [Netlist 29-28] Unisim Transformation completed in 0 CPU seconds
INFO: [Project 1-479] Netlist was created with Vivado 2018.2
INFO: [Device 21-403] Loading part xc7z010clg400-1
INFO: [Project 1-570] Preparing netlist for logic optimization
Parsing XDC File [c:/Xilinx/Projects/pong_vga/pong_vga.srcs/sources_1/bd/pong_bd/ip/pong_bd_processing_system7_0_0/pong_bd_processing_system7_0_0.xdc] for cell 'pong_bd_i/processing_system7_0/inst'
Finished Parsing XDC File [c:/Xilinx/Projects/pong_vga/pong_vga.srcs/sources_1/bd/pong_bd/ip/pong_bd_processing_system7_0_0/pong_bd_processing_system7_0_0.xdc] for cell 'pong_bd_i/processing_system7_0/inst'
Parsing XDC File [c:/Xilinx/Projects/pong_vga/pong_vga.srcs/sources_1/bd/pong_bd/ip/pong_bd_rst_ps7_0_100M_0/pong_bd_rst_ps7_0_100M_0_board.xdc] for cell 'pong_bd_i/rst_ps7_0_100M/U0'
Finished Parsing XDC File [c:/Xilinx/Projects/pong_vga/pong_vga.srcs/sources_1/bd/pong_bd/ip/pong_bd_rst_ps7_0_100M_0/pong_bd_rst_ps7_0_100M_0_board.xdc] for cell 'pong_bd_i/rst_ps7_0_100M/U0'
Parsing XDC File [c:/Xilinx/Projects/pong_vga/pong_vga.srcs/sources_1/bd/pong_bd/ip/pong_bd_rst_ps7_0_100M_0/pong_bd_rst_ps7_0_100M_0.xdc] for cell 'pong_bd_i/rst_ps7_0_100M/U0'
Finished Parsing XDC File [c:/Xilinx/Projects/pong_vga/pong_vga.srcs/sources_1/bd/pong_bd/ip/pong_bd_rst_ps7_0_100M_0/pong_bd_rst_ps7_0_100M_0.xdc] for cell 'pong_bd_i/rst_ps7_0_100M/U0'
Parsing XDC File [c:/Xilinx/Projects/pong_vga/pong_vga.srcs/sources_1/bd/pong_bd/ip/pong_bd_axi_gpio_0_0/pong_bd_axi_gpio_0_0_board.xdc] for cell 'pong_bd_i/axi_gpio_0/U0'
Finished Parsing XDC File [c:/Xilinx/Projects/pong_vga/pong_vga.srcs/sources_1/bd/pong_bd/ip/pong_bd_axi_gpio_0_0/pong_bd_axi_gpio_0_0_board.xdc] for cell 'pong_bd_i/axi_gpio_0/U0'
Parsing XDC File [c:/Xilinx/Projects/pong_vga/pong_vga.srcs/sources_1/bd/pong_bd/ip/pong_bd_axi_gpio_0_0/pong_bd_axi_gpio_0_0.xdc] for cell 'pong_bd_i/axi_gpio_0/U0'
Finished Parsing XDC File [c:/Xilinx/Projects/pong_vga/pong_vga.srcs/sources_1/bd/pong_bd/ip/pong_bd_axi_gpio_0_0/pong_bd_axi_gpio_0_0.xdc] for cell 'pong_bd_i/axi_gpio_0/U0'
Parsing XDC File [c:/Xilinx/Projects/pong_vga/pong_vga.srcs/sources_1/bd/pong_bd/ip/pong_bd_axi_gpio_1_0/pong_bd_axi_gpio_1_0_board.xdc] for cell 'pong_bd_i/axi_gpio_1/U0'
Finished Parsing XDC File [c:/Xilinx/Projects/pong_vga/pong_vga.srcs/sources_1/bd/pong_bd/ip/pong_bd_axi_gpio_1_0/pong_bd_axi_gpio_1_0_board.xdc] for cell 'pong_bd_i/axi_gpio_1/U0'
Parsing XDC File [c:/Xilinx/Projects/pong_vga/pong_vga.srcs/sources_1/bd/pong_bd/ip/pong_bd_axi_gpio_1_0/pong_bd_axi_gpio_1_0.xdc] for cell 'pong_bd_i/axi_gpio_1/U0'
Finished Parsing XDC File [c:/Xilinx/Projects/pong_vga/pong_vga.srcs/sources_1/bd/pong_bd/ip/pong_bd_axi_gpio_1_0/pong_bd_axi_gpio_1_0.xdc] for cell 'pong_bd_i/axi_gpio_1/U0'
Parsing XDC File [C:/Xilinx/Projects/pong_vga/pong_vga.srcs/constrs_1/new/constraints_vga.xdc]
Finished Parsing XDC File [C:/Xilinx/Projects/pong_vga/pong_vga.srcs/constrs_1/new/constraints_vga.xdc]
INFO: [Opt 31-138] Pushed 0 inverter(s) to 0 load pin(s).
INFO: [Project 1-111] Unisim Transformation Summary:
  A total of 4 instances were transformed.
  IOBUF => IOBUF (IBUF, OBUFT): 4 instances

10 Infos, 0 Warnings, 0 Critical Warnings and 0 Errors encountered.
link_design completed successfully
link_design: Time (s): cpu = 00:00:14 ; elapsed = 00:00:20 . Memory (MB): peak = 658.293 ; gain = 349.070
Command: opt_design
Attempting to get a license for feature 'Implementation' and/or device 'xc7z010'
INFO: [Common 17-349] Got license for feature 'Implementation' and/or device 'xc7z010'
Running DRC as a precondition to command opt_design

Starting DRC Task
INFO: [DRC 23-27] Running DRC with 2 threads
INFO: [Project 1-461] DRC finished with 0 Errors
INFO: [Project 1-462] Please refer to the DRC report (report_drc) for more information.

Time (s): cpu = 00:00:01 ; elapsed = 00:00:00.847 . Memory (MB): peak = 659.793 ; gain = 1.500

Starting Cache Timing Information Task
INFO: [Timing 38-35] Done setting XDC timing constraints.
Ending Cache Timing Information Task | Checksum: 1778ab1a1

Time (s): cpu = 00:00:15 ; elapsed = 00:00:17 . Memory (MB): peak = 1213.938 ; gain = 554.012

Starting Logic Optimization Task

Phase 1 Retarget
INFO: [Opt 31-138] Pushed 0 inverter(s) to 0 load pin(s).
INFO: [Opt 31-49] Retargeted 0 cell(s).
Phase 1 Retarget | Checksum: c5353022

Time (s): cpu = 00:00:01 ; elapsed = 00:00:02 . Memory (MB): peak = 1213.938 ; gain = 0.000
INFO: [Opt 31-389] Phase Retarget created 0 cells and removed 0 cells

Phase 2 Constant propagation
INFO: [Opt 31-138] Pushed 3 inverter(s) to 9 load pin(s).
Phase 2 Constant propagation | Checksum: 16e9617f7

Time (s): cpu = 00:00:02 ; elapsed = 00:00:02 . Memory (MB): peak = 1213.938 ; gain = 0.000
INFO: [Opt 31-389] Phase Constant propagation created 5 cells and removed 964 cells

Phase 3 Sweep
Phase 3 Sweep | Checksum: d85726ba

Time (s): cpu = 00:00:02 ; elapsed = 00:00:03 . Memory (MB): peak = 1213.938 ; gain = 0.000
INFO: [Opt 31-389] Phase Sweep created 16 cells and removed 129 cells

Phase 4 BUFG optimization
Phase 4 BUFG optimization | Checksum: d85726ba

Time (s): cpu = 00:00:03 ; elapsed = 00:00:03 . Memory (MB): peak = 1213.938 ; gain = 0.000
INFO: [Opt 31-662] Phase BUFG optimization created 0 cells of which 0 are BUFGs and removed 0 cells.

Phase 5 Shift Register Optimization
Phase 5 Shift Register Optimization | Checksum: 106fa8f2b

Time (s): cpu = 00:00:04 ; elapsed = 00:00:04 . Memory (MB): peak = 1213.938 ; gain = 0.000
INFO: [Opt 31-389] Phase Shift Register Optimization created 0 cells and removed 0 cells

Phase 6 Post Processing Netlist
Phase 6 Post Processing Netlist | Checksum: 1b6275a5b

Time (s): cpu = 00:00:04 ; elapsed = 00:00:04 . Memory (MB): peak = 1213.938 ; gain = 0.000
INFO: [Opt 31-389] Phase Post Processing Netlist created 0 cells and removed 0 cells

Starting Connectivity Check Task

Time (s): cpu = 00:00:00 ; elapsed = 00:00:00.025 . Memory (MB): peak = 1213.938 ; gain = 0.000
Ending Logic Optimization Task | Checksum: 1471ca114

Time (s): cpu = 00:00:04 ; elapsed = 00:00:04 . Memory (MB): peak = 1213.938 ; gain = 0.000

Starting Power Optimization Task
INFO: [Pwropt 34-132] Skipping clock gating for clocks with a period < 2.00 ns.
Ending Power Optimization Task | Checksum: 1471ca114

Time (s): cpu = 00:00:00 ; elapsed = 00:00:00.026 . Memory (MB): peak = 1213.938 ; gain = 0.000

Starting Final Cleanup Task
Ending Final Cleanup Task | Checksum: 1471ca114

Time (s): cpu = 00:00:00 ; elapsed = 00:00:00 . Memory (MB): peak = 1213.938 ; gain = 0.000
INFO: [Common 17-83] Releasing license: Implementation
26 Infos, 0 Warnings, 0 Critical Warnings and 0 Errors encountered.
opt_design completed successfully
opt_design: Time (s): cpu = 00:00:20 ; elapsed = 00:00:22 . Memory (MB): peak = 1213.938 ; gain = 555.645
INFO: [Timing 38-480] Writing timing data to binary archive.
Writing placer database...
Writing XDEF routing.
Writing XDEF routing logical nets.
Writing XDEF routing special nets.
Write XDEF Complete: Time (s): cpu = 00:00:00 ; elapsed = 00:00:00.127 . Memory (MB): peak = 1213.938 ; gain = 0.000
INFO: [Common 17-1381] The checkpoint 'C:/Xilinx/Projects/pong_vga/pong_vga.runs/impl_1/pong_bd_wrapper_opt.dcp' has been generated.
INFO: [runtcl-4] Executing : report_drc -file pong_bd_wrapper_drc_opted.rpt -pb pong_bd_wrapper_drc_opted.pb -rpx pong_bd_wrapper_drc_opted.rpx
Command: report_drc -file pong_bd_wrapper_drc_opted.rpt -pb pong_bd_wrapper_drc_opted.pb -rpx pong_bd_wrapper_drc_opted.rpx
INFO: [DRC 23-27] Running DRC with 2 threads
INFO: [Coretcl 2-168] The results of DRC are in file C:/Xilinx/Projects/pong_vga/pong_vga.runs/impl_1/pong_bd_wrapper_drc_opted.rpt.
report_drc completed successfully
Command: place_design
Attempting to get a license for feature 'Implementation' and/or device 'xc7z010'
INFO: [Common 17-349] Got license for feature 'Implementation' and/or device 'xc7z010'
INFO: [DRC 23-27] Running DRC with 2 threads
INFO: [Vivado_Tcl 4-198] DRC finished with 0 Errors
INFO: [Vivado_Tcl 4-199] Please refer to the DRC report (report_drc) for more information.
Running DRC as a precondition to command place_design
INFO: [DRC 23-27] Running DRC with 2 threads
INFO: [Vivado_Tcl 4-198] DRC finished with 0 Errors
INFO: [Vivado_Tcl 4-199] Please refer to the DRC report (report_drc) for more information.

Starting Placer Task
INFO: [Place 30-611] Multithreading enabled for place_design using a maximum of 2 CPUs

Phase 1 Placer Initialization

Phase 1.1 Placer Initialization Netlist Sorting
Netlist sorting complete. Time (s): cpu = 00:00:00 ; elapsed = 00:00:00.011 . Memory (MB): peak = 1213.938 ; gain = 0.000
Phase 1.1 Placer Initialization Netlist Sorting | Checksum: c59d4585

Time (s): cpu = 00:00:00 ; elapsed = 00:00:00.022 . Memory (MB): peak = 1213.938 ; gain = 0.000
INFO: [Timing 38-35] Done setting XDC timing constraints.
INFO: [Opt 31-138] Pushed 0 inverter(s) to 0 load pin(s).
Netlist sorting complete. Time (s): cpu = 00:00:00 ; elapsed = 00:00:00.011 . Memory (MB): peak = 1213.938 ; gain = 0.000

Phase 1.2 IO Placement/ Clock Placement/ Build Placer Device
INFO: [Timing 38-35] Done setting XDC timing constraints.
Phase 1.2 IO Placement/ Clock Placement/ Build Placer Device | Checksum: 3dafbaaf

Time (s): cpu = 00:00:04 ; elapsed = 00:00:04 . Memory (MB): peak = 1213.938 ; gain = 0.000

Phase 1.3 Build Placer Netlist Model
Phase 1.3 Build Placer Netlist Model | Checksum: 7652d25e

Time (s): cpu = 00:00:06 ; elapsed = 00:00:06 . Memory (MB): peak = 1213.938 ; gain = 0.000

Phase 1.4 Constrain Clocks/Macros
Phase 1.4 Constrain Clocks/Macros | Checksum: 7652d25e

Time (s): cpu = 00:00:06 ; elapsed = 00:00:06 . Memory (MB): peak = 1213.938 ; gain = 0.000
Phase 1 Placer Initialization | Checksum: 7652d25e

Time (s): cpu = 00:00:06 ; elapsed = 00:00:06 . Memory (MB): peak = 1213.938 ; gain = 0.000

Phase 2 Global Placement

Phase 2.1 Floorplanning
Phase 2.1 Floorplanning | Checksum: 159cac61f

Time (s): cpu = 00:00:07 ; elapsed = 00:00:07 . Memory (MB): peak = 1213.938 ; gain = 0.000

Phase 2.2 Physical Synthesis In Placer
INFO: [Physopt 32-65] No nets found for high-fanout optimization.
INFO: [Physopt 32-232] Optimized 0 net. Created 0 new instance.
INFO: [Physopt 32-775] End 1 Pass. Optimized 0 net or cell. Created 0 new cell, deleted 0 existing cell and moved 0 existing cell
Netlist sorting complete. Time (s): cpu = 00:00:00 ; elapsed = 00:00:00.012 . Memory (MB): peak = 1213.938 ; gain = 0.000

Summary of Physical Synthesis Optimizations
============================================


-----------------------------------------------------------------------------------------------------------------------------
|  Optimization       |  Added Cells  |  Removed Cells  |  Optimized Cells/Nets  |  Dont Touch  |  Iterations  |  Elapsed   |
-----------------------------------------------------------------------------------------------------------------------------
|  Very High Fanout   |            0  |              0  |                     0  |           0  |           1  |  00:00:00  |
|  Total              |            0  |              0  |                     0  |           0  |           1  |  00:00:00  |
-----------------------------------------------------------------------------------------------------------------------------


Phase 2.2 Physical Synthesis In Placer | Checksum: 79d1049d

Time (s): cpu = 00:00:20 ; elapsed = 00:00:14 . Memory (MB): peak = 1213.938 ; gain = 0.000
Phase 2 Global Placement | Checksum: 7d480ef3

Time (s): cpu = 00:00:20 ; elapsed = 00:00:14 . Memory (MB): peak = 1213.938 ; gain = 0.000

Phase 3 Detail Placement

Phase 3.1 Commit Multi Column Macros
Phase 3.1 Commit Multi Column Macros | Checksum: 7d480ef3

Time (s): cpu = 00:00:20 ; elapsed = 00:00:14 . Memory (MB): peak = 1213.938 ; gain = 0.000

Phase 3.2 Commit Most Macros & LUTRAMs
Phase 3.2 Commit Most Macros & LUTRAMs | Checksum: 964c7a1c

Time (s): cpu = 00:00:22 ; elapsed = 00:00:16 . Memory (MB): peak = 1213.938 ; gain = 0.000

Phase 3.3 Area Swap Optimization
Phase 3.3 Area Swap Optimization | Checksum: 13467a2aa

Time (s): cpu = 00:00:23 ; elapsed = 00:00:16 . Memory (MB): peak = 1213.938 ; gain = 0.000

Phase 3.4 Pipeline Register Optimization
Phase 3.4 Pipeline Register Optimization | Checksum: 13467a2aa

Time (s): cpu = 00:00:23 ; elapsed = 00:00:16 . Memory (MB): peak = 1213.938 ; gain = 0.000

Phase 3.5 Timing Path Optimizer
Phase 3.5 Timing Path Optimizer | Checksum: 13467a2aa

Time (s): cpu = 00:00:23 ; elapsed = 00:00:16 . Memory (MB): peak = 1213.938 ; gain = 0.000

Phase 3.6 Fast Optimization
Phase 3.6 Fast Optimization | Checksum: 9645f4da

Time (s): cpu = 00:00:24 ; elapsed = 00:00:18 . Memory (MB): peak = 1213.938 ; gain = 0.000

Phase 3.7 Small Shape Detail Placement
Phase 3.7 Small Shape Detail Placement | Checksum: 1124054b3

Time (s): cpu = 00:00:27 ; elapsed = 00:00:20 . Memory (MB): peak = 1213.938 ; gain = 0.000

Phase 3.8 Re-assign LUT pins
Phase 3.8 Re-assign LUT pins | Checksum: 14639f016

Time (s): cpu = 00:00:27 ; elapsed = 00:00:20 . Memory (MB): peak = 1213.938 ; gain = 0.000

Phase 3.9 Pipeline Register Optimization
Phase 3.9 Pipeline Register Optimization | Checksum: 14639f016

Time (s): cpu = 00:00:27 ; elapsed = 00:00:21 . Memory (MB): peak = 1213.938 ; gain = 0.000
Phase 3 Detail Placement | Checksum: 14639f016

Time (s): cpu = 00:00:27 ; elapsed = 00:00:21 . Memory (MB): peak = 1213.938 ; gain = 0.000

Phase 4 Post Placement Optimization and Clean-Up

Phase 4.1 Post Commit Optimization
INFO: [Timing 38-35] Done setting XDC timing constraints.

Phase 4.1.1 Post Placement Optimization
Post Placement Optimization Initialization | Checksum: 23bfa42cf

Phase 4.1.1.1 BUFG Insertion
INFO: [Place 46-31] BUFG insertion identified 0 candidate nets, 0 success, 0 skipped for placement/routing, 0 skipped for timing, 0 skipped for netlist change reason.
Phase 4.1.1.1 BUFG Insertion | Checksum: 23bfa42cf

Time (s): cpu = 00:00:30 ; elapsed = 00:00:22 . Memory (MB): peak = 1231.824 ; gain = 17.887
INFO: [Place 30-746] Post Placement Timing Summary WNS=0.667. For the most accurate timing information please run report_timing.
Phase 4.1.1 Post Placement Optimization | Checksum: 15c18070f

Time (s): cpu = 00:00:31 ; elapsed = 00:00:24 . Memory (MB): peak = 1231.824 ; gain = 17.887
Phase 4.1 Post Commit Optimization | Checksum: 15c18070f

Time (s): cpu = 00:00:31 ; elapsed = 00:00:24 . Memory (MB): peak = 1231.824 ; gain = 17.887

Phase 4.2 Post Placement Cleanup
Phase 4.2 Post Placement Cleanup | Checksum: 15c18070f

Time (s): cpu = 00:00:32 ; elapsed = 00:00:24 . Memory (MB): peak = 1231.824 ; gain = 17.887

Phase 4.3 Placer Reporting
Phase 4.3 Placer Reporting | Checksum: 15c18070f

Time (s): cpu = 00:00:32 ; elapsed = 00:00:24 . Memory (MB): peak = 1231.824 ; gain = 17.887

Phase 4.4 Final Placement Cleanup
Phase 4.4 Final Placement Cleanup | Checksum: 92bfa0b7

Time (s): cpu = 00:00:32 ; elapsed = 00:00:24 . Memory (MB): peak = 1231.824 ; gain = 17.887
Phase 4 Post Placement Optimization and Clean-Up | Checksum: 92bfa0b7

Time (s): cpu = 00:00:32 ; elapsed = 00:00:24 . Memory (MB): peak = 1231.824 ; gain = 17.887
Ending Placer Task | Checksum: 6dae5139

Time (s): cpu = 00:00:32 ; elapsed = 00:00:24 . Memory (MB): peak = 1231.824 ; gain = 17.887
INFO: [Common 17-83] Releasing license: Implementation
49 Infos, 0 Warnings, 0 Critical Warnings and 0 Errors encountered.
place_design completed successfully
place_design: Time (s): cpu = 00:00:36 ; elapsed = 00:00:27 . Memory (MB): peak = 1231.824 ; gain = 17.887
INFO: [Timing 38-480] Writing timing data to binary archive.
Writing placer database...
Writing XDEF routing.
Writing XDEF routing logical nets.
Writing XDEF routing special nets.
Write XDEF Complete: Time (s): cpu = 00:00:02 ; elapsed = 00:00:00.886 . Memory (MB): peak = 1240.258 ; gain = 8.434
INFO: [Common 17-1381] The checkpoint 'C:/Xilinx/Projects/pong_vga/pong_vga.runs/impl_1/pong_bd_wrapper_placed.dcp' has been generated.
INFO: [runtcl-4] Executing : report_io -file pong_bd_wrapper_io_placed.rpt
report_io: Time (s): cpu = 00:00:00 ; elapsed = 00:00:00.100 . Memory (MB): peak = 1240.258 ; gain = 0.000
INFO: [runtcl-4] Executing : report_utilization -file pong_bd_wrapper_utilization_placed.rpt -pb pong_bd_wrapper_utilization_placed.pb
report_utilization: Time (s): cpu = 00:00:00 ; elapsed = 00:00:00.101 . Memory (MB): peak = 1240.258 ; gain = 0.000
INFO: [runtcl-4] Executing : report_control_sets -verbose -file pong_bd_wrapper_control_sets_placed.rpt
report_control_sets: Time (s): cpu = 00:00:00 ; elapsed = 00:00:00.031 . Memory (MB): peak = 1240.258 ; gain = 0.000
Command: route_design
Attempting to get a license for feature 'Implementation' and/or device 'xc7z010'
INFO: [Common 17-349] Got license for feature 'Implementation' and/or device 'xc7z010'
Running DRC as a precondition to command route_design
INFO: [DRC 23-27] Running DRC with 2 threads
INFO: [Vivado_Tcl 4-198] DRC finished with 0 Errors
INFO: [Vivado_Tcl 4-199] Please refer to the DRC report (report_drc) for more information.


Starting Routing Task
INFO: [Route 35-254] Multithreading enabled for route_design using a maximum of 2 CPUs
Checksum: PlaceDB: 37514432 ConstDB: 0 ShapeSum: 365d0d07 RouteDB: 0

Phase 1 Build RT Design
Phase 1 Build RT Design | Checksum: 29005874

Time (s): cpu = 00:00:19 ; elapsed = 00:00:17 . Memory (MB): peak = 1289.570 ; gain = 49.313
Post Restoration Checksum: NetGraph: 10ad85cb NumContArr: 1852d2a9 Constraints: 0 Timing: 0

Phase 2 Router Initialization

Phase 2.1 Create Timer
Phase 2.1 Create Timer | Checksum: 29005874

Time (s): cpu = 00:00:20 ; elapsed = 00:00:17 . Memory (MB): peak = 1289.570 ; gain = 49.313

Phase 2.2 Fix Topology Constraints
Phase 2.2 Fix Topology Constraints | Checksum: 29005874

Time (s): cpu = 00:00:20 ; elapsed = 00:00:17 . Memory (MB): peak = 1295.559 ; gain = 55.301

Phase 2.3 Pre Route Cleanup
Phase 2.3 Pre Route Cleanup | Checksum: 29005874

Time (s): cpu = 00:00:20 ; elapsed = 00:00:17 . Memory (MB): peak = 1295.559 ; gain = 55.301
 Number of Nodes with overlaps = 0

Phase 2.4 Update Timing
Phase 2.4 Update Timing | Checksum: 237989cda

Time (s): cpu = 00:00:22 ; elapsed = 00:00:19 . Memory (MB): peak = 1308.422 ; gain = 68.164
INFO: [Route 35-416] Intermediate Timing Summary | WNS=0.876  | TNS=0.000  | WHS=-0.139 | THS=-18.927|

Phase 2 Router Initialization | Checksum: 1d77fb32a

Time (s): cpu = 00:00:23 ; elapsed = 00:00:20 . Memory (MB): peak = 1316.613 ; gain = 76.355

Phase 3 Initial Routing
Phase 3 Initial Routing | Checksum: 7b9a037f

Time (s): cpu = 00:00:25 ; elapsed = 00:00:21 . Memory (MB): peak = 1316.613 ; gain = 76.355

Phase 4 Rip-up And Reroute

Phase 4.1 Global Iteration 0
 Number of Nodes with overlaps = 1026
 Number of Nodes with overlaps = 243
 Number of Nodes with overlaps = 122
 Number of Nodes with overlaps = 41
 Number of Nodes with overlaps = 13
 Number of Nodes with overlaps = 2
 Number of Nodes with overlaps = 0
INFO: [Route 35-416] Intermediate Timing Summary | WNS=0.515  | TNS=0.000  | WHS=N/A    | THS=N/A    |

Phase 4.1 Global Iteration 0 | Checksum: 1c7cf1c22

Time (s): cpu = 00:00:44 ; elapsed = 00:00:31 . Memory (MB): peak = 1317.352 ; gain = 77.094
Phase 4 Rip-up And Reroute | Checksum: 1c7cf1c22

Time (s): cpu = 00:00:44 ; elapsed = 00:00:31 . Memory (MB): peak = 1317.352 ; gain = 77.094

Phase 5 Delay and Skew Optimization

Phase 5.1 Delay CleanUp

Phase 5.1.1 Update Timing
Phase 5.1.1 Update Timing | Checksum: 18226883c

Time (s): cpu = 00:00:45 ; elapsed = 00:00:31 . Memory (MB): peak = 1317.352 ; gain = 77.094
INFO: [Route 35-416] Intermediate Timing Summary | WNS=0.630  | TNS=0.000  | WHS=N/A    | THS=N/A    |

Phase 5.1 Delay CleanUp | Checksum: 18226883c

Time (s): cpu = 00:00:45 ; elapsed = 00:00:32 . Memory (MB): peak = 1317.352 ; gain = 77.094

Phase 5.2 Clock Skew Optimization
Phase 5.2 Clock Skew Optimization | Checksum: 18226883c

Time (s): cpu = 00:00:45 ; elapsed = 00:00:32 . Memory (MB): peak = 1317.352 ; gain = 77.094
Phase 5 Delay and Skew Optimization | Checksum: 18226883c

Time (s): cpu = 00:00:45 ; elapsed = 00:00:32 . Memory (MB): peak = 1317.352 ; gain = 77.094

Phase 6 Post Hold Fix

Phase 6.1 Hold Fix Iter

Phase 6.1.1 Update Timing
Phase 6.1.1 Update Timing | Checksum: 202979c3f

Time (s): cpu = 00:00:45 ; elapsed = 00:00:32 . Memory (MB): peak = 1317.352 ; gain = 77.094
INFO: [Route 35-416] Intermediate Timing Summary | WNS=0.630  | TNS=0.000  | WHS=0.008  | THS=0.000  |

Phase 6.1 Hold Fix Iter | Checksum: 177fdeb3c

Time (s): cpu = 00:00:45 ; elapsed = 00:00:32 . Memory (MB): peak = 1317.352 ; gain = 77.094
Phase 6 Post Hold Fix | Checksum: 177fdeb3c

Time (s): cpu = 00:00:45 ; elapsed = 00:00:32 . Memory (MB): peak = 1317.352 ; gain = 77.094

Phase 7 Route finalize

Router Utilization Summary
  Global Vertical Routing Utilization    = 4.3232 %
  Global Horizontal Routing Utilization  = 4.82606 %
  Routable Net Status*
  *Does not include unroutable nets such as driverless and loadless.
  Run report_route_status for detailed report.
  Number of Failed Nets               = 0
  Number of Unrouted Nets             = 0
  Number of Partially Routed Nets     = 0
  Number of Node Overlaps             = 0

Phase 7 Route finalize | Checksum: 2005e8cfc

Time (s): cpu = 00:00:45 ; elapsed = 00:00:32 . Memory (MB): peak = 1317.352 ; gain = 77.094

Phase 8 Verifying routed nets

 Verification completed successfully
Phase 8 Verifying routed nets | Checksum: 2005e8cfc

Time (s): cpu = 00:00:46 ; elapsed = 00:00:32 . Memory (MB): peak = 1317.543 ; gain = 77.285

Phase 9 Depositing Routes
Phase 9 Depositing Routes | Checksum: 1fc29bde3

Time (s): cpu = 00:00:47 ; elapsed = 00:00:33 . Memory (MB): peak = 1317.543 ; gain = 77.285

Phase 10 Post Router Timing
INFO: [Route 35-57] Estimated Timing Summary | WNS=0.630  | TNS=0.000  | WHS=0.008  | THS=0.000  |

INFO: [Route 35-327] The final timing numbers are based on the router estimated timing analysis. For a complete and accurate timing signoff, please run report_timing_summary.
Phase 10 Post Router Timing | Checksum: 1fc29bde3

Time (s): cpu = 00:00:47 ; elapsed = 00:00:33 . Memory (MB): peak = 1317.543 ; gain = 77.285
INFO: [Route 35-16] Router Completed Successfully

Time (s): cpu = 00:00:47 ; elapsed = 00:00:33 . Memory (MB): peak = 1317.543 ; gain = 77.285

Routing Is Done.
INFO: [Common 17-83] Releasing license: Implementation
67 Infos, 0 Warnings, 0 Critical Warnings and 0 Errors encountered.
route_design completed successfully
route_design: Time (s): cpu = 00:00:52 ; elapsed = 00:00:36 . Memory (MB): peak = 1317.543 ; gain = 77.285
INFO: [Timing 38-480] Writing timing data to binary archive.
Writing placer database...
Writing XDEF routing.
Writing XDEF routing logical nets.
Writing XDEF routing special nets.
Write XDEF Complete: Time (s): cpu = 00:00:03 ; elapsed = 00:00:01 . Memory (MB): peak = 1317.543 ; gain = 0.000
INFO: [Common 17-1381] The checkpoint 'C:/Xilinx/Projects/pong_vga/pong_vga.runs/impl_1/pong_bd_wrapper_routed.dcp' has been generated.
INFO: [runtcl-4] Executing : report_drc -file pong_bd_wrapper_drc_routed.rpt -pb pong_bd_wrapper_drc_routed.pb -rpx pong_bd_wrapper_drc_routed.rpx
Command: report_drc -file pong_bd_wrapper_drc_routed.rpt -pb pong_bd_wrapper_drc_routed.pb -rpx pong_bd_wrapper_drc_routed.rpx
INFO: [DRC 23-27] Running DRC with 2 threads
INFO: [Coretcl 2-168] The results of DRC are in file C:/Xilinx/Projects/pong_vga/pong_vga.runs/impl_1/pong_bd_wrapper_drc_routed.rpt.
report_drc completed successfully
INFO: [runtcl-4] Executing : report_methodology -file pong_bd_wrapper_methodology_drc_routed.rpt -pb pong_bd_wrapper_methodology_drc_routed.pb -rpx pong_bd_wrapper_methodology_drc_routed.rpx
Command: report_methodology -file pong_bd_wrapper_methodology_drc_routed.rpt -pb pong_bd_wrapper_methodology_drc_routed.pb -rpx pong_bd_wrapper_methodology_drc_routed.rpx
INFO: [Timing 38-35] Done setting XDC timing constraints.
INFO: [Timing 38-35] Done setting XDC timing constraints.
INFO: [DRC 23-133] Running Methodology with 2 threads
INFO: [Coretcl 2-1520] The results of Report Methodology are in file C:/Xilinx/Projects/pong_vga/pong_vga.runs/impl_1/pong_bd_wrapper_methodology_drc_routed.rpt.
report_methodology completed successfully
INFO: [runtcl-4] Executing : report_power -file pong_bd_wrapper_power_routed.rpt -pb pong_bd_wrapper_power_summary_routed.pb -rpx pong_bd_wrapper_power_routed.rpx
Command: report_power -file pong_bd_wrapper_power_routed.rpt -pb pong_bd_wrapper_power_summary_routed.pb -rpx pong_bd_wrapper_power_routed.rpx
INFO: [Timing 38-35] Done setting XDC timing constraints.
Running Vector-less Activity Propagation...

Finished Running Vector-less Activity Propagation
79 Infos, 0 Warnings, 0 Critical Warnings and 0 Errors encountered.
report_power completed successfully
INFO: [runtcl-4] Executing : report_route_status -file pong_bd_wrapper_route_status.rpt -pb pong_bd_wrapper_route_status.pb
INFO: [runtcl-4] Executing : report_timing_summary -max_paths 10 -file pong_bd_wrapper_timing_summary_routed.rpt -pb pong_bd_wrapper_timing_summary_routed.pb -rpx pong_bd_wrapper_timing_summary_routed.rpx -warn_on_violation 
INFO: [Timing 38-91] UpdateTimingParams: Speed grade: -1, Delay Type: min_max, Timing Stage: Requireds.
INFO: [Timing 38-191] Multithreading enabled for timing update using a maximum of 2 CPUs
INFO: [runtcl-4] Executing : report_incremental_reuse -file pong_bd_wrapper_incremental_reuse_routed.rpt
INFO: [Vivado_Tcl 4-545] No incremental reuse to report, no incremental placement and routing data was found.
INFO: [runtcl-4] Executing : report_clock_utilization -file pong_bd_wrapper_clock_utilization_routed.rpt
INFO: [runtcl-4] Executing : report_bus_skew -warn_on_violation -file pong_bd_wrapper_bus_skew_routed.rpt -pb pong_bd_wrapper_bus_skew_routed.pb -rpx pong_bd_wrapper_bus_skew_routed.rpx
INFO: [Timing 38-91] UpdateTimingParams: Speed grade: -1, Delay Type: min_max, Timing Stage: Requireds.
INFO: [Timing 38-191] Multithreading enabled for timing update using a maximum of 2 CPUs
Command: write_bitstream -force pong_bd_wrapper.bit
Attempting to get a license for feature 'Implementation' and/or device 'xc7z010'
INFO: [Common 17-349] Got license for feature 'Implementation' and/or device 'xc7z010'
Running DRC as a precondition to command write_bitstream
INFO: [DRC 23-27] Running DRC with 2 threads
INFO: [Vivado 12-3199] DRC finished with 0 Errors
INFO: [Vivado 12-3200] Please refer to the DRC report (report_drc) for more information.
INFO: [Designutils 20-2272] Running write_bitstream with 2 threads.
Loading data files...
Loading site data...
Loading route data...
Processing options...
Creating bitmap...
Creating bitstream...
Writing bitstream ./pong_bd_wrapper.bit...
INFO: [Vivado 12-1842] Bitgen Completed Successfully.
INFO: [Project 1-120] WebTalk data collection is mandatory when using a WebPACK part without a full Vivado license. To see the specific WebTalk data collected for your design, open the usage_statistics_webtalk.html or usage_statistics_webtalk.xml file in the implementation directory.
INFO: [Common 17-186] 'C:/Xilinx/Projects/pong_vga/pong_vga.runs/impl_1/usage_statistics_webtalk.xml' has been successfully sent to Xilinx on Thu Oct 11 17:08:35 2018. For additional details about this file, please refer to the WebTalk help file at C:/Xilinx/Vivado/2018.2/doc/webtalk_introduction.html.
INFO: [Common 17-83] Releasing license: Implementation
98 Infos, 0 Warnings, 0 Critical Warnings and 0 Errors encountered.
write_bitstream completed successfully
write_bitstream: Time (s): cpu = 00:00:25 ; elapsed = 00:00:24 . Memory (MB): peak = 1770.164 ; gain = 416.664
INFO: [Common 17-206] Exiting Vivado at Thu Oct 11 17:08:36 2018...
